============================= test session starts ==============================
platform darwin -- Python 3.11.9, pytest-7.4.4, pluggy-1.2.0 -- /Users/jleach/Library/Caches/pypoetry/virtualenvs/ait-core-E7YqPunI-py3.11/bin/python
cachedir: .pytest_cache
rootdir: /Users/jleach/Documents/Development/MGSS/AIT/AIT-Core
configfile: setup.cfg
plugins: cov-4.1.0, xdist-3.5.0
collecting ... collected 259 items

tests/ait/core/test_bsc.py::TestSocketStreamCapturer::test_mocked_udp_socket PASSED [  0%]
tests/ait/core/test_bsc.py::TestSocketStreamCapturer::test_mocked_eth_socket PASSED [  0%]
tests/ait/core/test_bsc.py::TestSocketStreamCapturer::test_mocked_eth_socket_with_rawsocket PASSED [  1%]
tests/ait/core/test_bsc.py::TestSocketStreamCapturer::test_packet_log PASSED [  1%]
tests/ait/core/test_bsc.py::TestSocketStreamCapturer::test_packet_log_mutliple_handlers PASSED [  1%]
tests/ait/core/test_bsc.py::TestSocketStreamCapturer::test_capture_with_data_manip PASSED [  2%]
tests/ait/core/test_bsc.py::TestSocketStreamCapturer::test_logger_conf_dump PASSED [  2%]
tests/ait/core/test_bsc.py::TestSocketStreamCapturer::test_handler_stat_dump PASSED [  3%]
tests/ait/core/test_bsc.py::TestSocketStreamCapturer::test_should_rotate_log PASSED [  3%]
tests/ait/core/test_bsc.py::TestSocketStreamCapturer::test_custon_log_rotation PASSED [  3%]
tests/ait/core/test_bsc.py::TestSocketStreamCapturer::test_log_rotation PASSED [  4%]
tests/ait/core/test_bsc.py::TestSocketStreamCapturer::test_time_rotation_index_decoding PASSED [  4%]
tests/ait/core/test_bsc.py::TestSocketStreamCapturer::test_get_log_file PASSED [  5%]
tests/ait/core/test_bsc.py::TestSocketStreamCapturer::test_get_logger PASSED [  5%]
tests/ait/core/test_bsc.py::TestSocketStreamCapturer::test_add_handler PASSED [  5%]
tests/ait/core/test_bsc.py::TestSocketStreamCapturer::test_remove_handler PASSED [  6%]
tests/ait/core/test_bsc.py::TestStreamCaptureManager::test_log_manager_init PASSED [  6%]
tests/ait/core/test_bsc.py::TestStreamCaptureManager::test_add_logger PASSED [  6%]
tests/ait/core/test_bsc.py::TestStreamCaptureManager::test_pre_write_transform_load PASSED [  7%]
tests/ait/core/test_bsc.py::TestStreamCaptureManager::test_bad_builtin_transform_load PASSED [  7%]
tests/ait/core/test_bsc.py::TestStreamCaptureManager::test_bad_type_transform_load PASSED [  8%]
tests/ait/core/test_bsc.py::TestStreamCaptureManager::test_remove_logger PASSED [  8%]
tests/ait/core/test_bsc.py::TestStreamCaptureManager::test_get_logger_data PASSED [  8%]
tests/ait/core/test_bsc.py::TestStreamCaptureManager::test_get_logger_stats PASSED [  9%]
tests/ait/core/test_bsc.py::TestStreamCaptureManager::test_forced_log_rotation PASSED [  9%]
tests/ait/core/test_ccsds.py::testCcsdsDefinition PASSED                 [ 10%]
tests/ait/core/test_ccsds.py::testCcsdsHeaderDefaults PASSED             [ 10%]
tests/ait/core/test_ccsds.py::testCcsdsHeaderDecode PASSED               [ 10%]
tests/ait/core/test_ccsds.py::testCcsdsHeaderEncode PASSED               [ 11%]
tests/ait/core/test_cfg.py::test_expand_config_paths PASSED              [ 11%]
tests/ait/core/test_cfg.py::test_expand_config_paths_w_variables PASSED  [ 11%]
tests/ait/core/test_cfg.py::test_replace_variables PASSED                [ 12%]
tests/ait/core/test_cfg.py::test_replace_variables_strftime PASSED       [ 12%]
tests/ait/core/test_cfg.py::test_replace_variables_strftime_addday PASSED [ 13%]
tests/ait/core/test_cfg.py::test_add_path_variables PASSED               [ 13%]
tests/ait/core/test_cfg.py::test_datapaths PASSED                        [ 13%]
tests/ait/core/test_cfg.py::test_flatten PASSED                          [ 14%]
tests/ait/core/test_cfg.py::test_load_yaml PASSED                        [ 14%]
tests/ait/core/test_cfg.py::test_merge PASSED                            [ 15%]
tests/ait/core/test_cfg.py::test_AitConfig PASSED                        [ 15%]
tests/ait/core/test_cmd.py::testArgDefn PASSED                           [ 15%]
tests/ait/core/test_cmd.py::testArgDefnDecode PASSED                     [ 16%]
tests/ait/core/test_cmd.py::testArgDefnEncode PASSED                     [ 16%]
tests/ait/core/test_cmd.py::testArgDefnValidate PASSED                   [ 16%]
tests/ait/core/test_cmd.py::testCmdDefn PASSED                           [ 17%]
tests/ait/core/test_cmd.py::testGetDefaultDict PASSED                    [ 17%]
tests/ait/core/test_cmd.py::testGetDefaultDictWithExtension PASSED       [ 18%]
tests/ait/core/test_coord.py::test_cbrt PASSED                           [ 18%]
tests/ait/core/test_coord.py::test_eci2ecef PASSED                       [ 18%]
tests/ait/core/test_coord.py::test_eci2geodetic PASSED                   [ 19%]
tests/ait/core/test_db.py::TestDBResultObject::test_default_init PASSED  [ 19%]
tests/ait/core/test_db.py::TestDBResultObject::test_get_packets PASSED   [ 20%]
tests/ait/core/test_db.py::TestInfluxDBBackend::test_influx_backend_init PASSED [ 20%]
tests/ait/core/test_db.py::TestInfluxDBBackend::test_influx_connect PASSED [ 20%]
tests/ait/core/test_db.py::TestInfluxDBBackend::test_influx_create PASSED [ 21%]
tests/ait/core/test_db.py::TestInfluxDBBackend::test_influx_insert PASSED [ 21%]
tests/ait/core/test_db.py::TestInfluxDBBackend::test_influx_query_calldown PASSED [ 22%]
tests/ait/core/test_db.py::TestInfluxDBBackend::test_packet_creation_from_result PASSED [ 22%]
tests/ait/core/test_db.py::TestInfluxDBBackend::test_query_fail_handling SKIPPED [ 22%]
tests/ait/core/test_db.py::TestInfluxDBBackend::test_query_packet_time_inclusion PASSED [ 23%]
tests/ait/core/test_db.py::TestInfluxDBBackend::test_query_packets_arg_handling PASSED [ 23%]
tests/ait/core/test_db.py::TestInfluxDBBackend::test_query_packets_calldown PASSED [ 23%]
tests/ait/core/test_db.py::TestInfluxDBBackend::test_query_return_types SKIPPED [ 24%]
tests/ait/core/test_db.py::TestInfluxDBBackend::test_query_success_handling PASSED [ 24%]
tests/ait/core/test_db.py::TestSQLiteBackend::test_query_fail_handling PASSED [ 25%]
tests/ait/core/test_db.py::TestSQLiteBackend::test_query_packet_time_inclusion PASSED [ 25%]
tests/ait/core/test_db.py::TestSQLiteBackend::test_query_packets_arg_handling PASSED [ 25%]
tests/ait/core/test_db.py::TestSQLiteBackend::test_query_packets_calldown PASSED [ 26%]
tests/ait/core/test_db.py::TestSQLiteBackend::test_query_return_types PASSED [ 26%]
tests/ait/core/test_db.py::TestSQLiteBackend::test_query_success_handling PASSED [ 27%]
tests/ait/core/test_db.py::TestSQLiteBackend::test_sqlite_backend_init PASSED [ 27%]
tests/ait/core/test_db.py::TestSQLiteBackend::test_sqlite_connect PASSED [ 27%]
tests/ait/core/test_db.py::TestSQLiteBackend::test_sqlite_create PASSED  [ 28%]
tests/ait/core/test_db.py::TestSQLiteBackend::test_sqlite_create_table PASSED [ 28%]
tests/ait/core/test_db.py::TestSQLiteBackend::test_sqlite_insert PASSED  [ 28%]
tests/ait/core/test_db.py::TestSQLiteBackend::test_sqlite_query_calldown PASSED [ 29%]
tests/ait/core/test_dmc.py::test_getTimestampUTC PASSED                  [ 29%]
tests/ait/core/test_dmc.py::test_getUTCDatetimeDOY_w_days PASSED         [ 30%]
tests/ait/core/test_dmc.py::test_leap_second_attrs PASSED                [ 30%]
tests/ait/core/test_dmc.py::test_leap_second_by_date_invalid_gps_date PASSED [ 30%]
tests/ait/core/test_dmc.py::test_leap_second_by_date PASSED              [ 31%]
tests/ait/core/test_dmc.py::test_leap_second_data_load PASSED            [ 31%]
tests/ait/core/test_dmc.py::test_failed_leapsecond_load_and_update PASSED [ 32%]
tests/ait/core/test_dmc.py::test_update_leap_second_data PASSED          [ 32%]
tests/ait/core/test_dmc.py::test_unable_to_pull_leapsecond_data PASSED   [ 32%]
tests/ait/core/test_dtype.py::testLSB_D64 PASSED                         [ 33%]
tests/ait/core/test_dtype.py::testMSB_D64 PASSED                         [ 33%]
tests/ait/core/test_dtype.py::testLSB_F32 PASSED                         [ 33%]
tests/ait/core/test_dtype.py::testMSB_F32 PASSED                         [ 34%]
tests/ait/core/test_dtype.py::testArrayType PASSED                       [ 34%]
tests/ait/core/test_dtype.py::testArrayTime8 PASSED                      [ 35%]
tests/ait/core/test_dtype.py::testCMD16 PASSED                           [ 35%]
tests/ait/core/test_dtype.py::testEVR16 PASSED                           [ 35%]
tests/ait/core/test_dtype.py::testTIME8 PASSED                           [ 36%]
tests/ait/core/test_dtype.py::testTIME32 PASSED                          [ 36%]
tests/ait/core/test_dtype.py::testTIME40 PASSED                          [ 37%]
tests/ait/core/test_dtype.py::testTIME64 PASSED                          [ 37%]
tests/ait/core/test_dtype.py::testgetdtype PASSED                        [ 37%]
tests/ait/core/test_dtype.py::testget PASSED                             [ 38%]
tests/ait/core/test_dtype.py::testString PASSED                          [ 38%]
tests/ait/core/test_evr.py::test_evr_load PASSED                         [ 38%]
tests/ait/core/test_evr.py::test_evr_message_format_single_formatter PASSED [ 39%]
tests/ait/core/test_evr.py::test_evr_message_format_multiple_formatters PASSED [ 39%]
tests/ait/core/test_evr.py::test_evr_message_format_complex_formatters PASSED [ 40%]
tests/ait/core/test_evr.py::test_evr_no_formatters_found PASSED          [ 40%]
tests/ait/core/test_evr.py::test_bad_formatter_parsing PASSED            [ 40%]
tests/ait/core/test_evr.py::test_standard_formatter_handling PASSED      [ 41%]
tests/ait/core/test_evr.py::test_complex_formatter_handling PASSED       [ 41%]
tests/ait/core/test_limits.py::test_limit_range PASSED                   [ 42%]
tests/ait/core/test_limits.py::test_limit_error_value PASSED             [ 42%]
tests/ait/core/test_limits.py::test_check_upper_error PASSED             [ 42%]
tests/ait/core/test_limits.py::test_check_missing_value_warn PASSED      [ 43%]
tests/ait/core/test_limits.py::test_check_missing_value_error PASSED     [ 43%]
tests/ait/core/test_limits.py::test_check_missing_lower_warn PASSED      [ 44%]
tests/ait/core/test_limits.py::test_check_missing_upper_warn PASSED      [ 44%]
tests/ait/core/test_limits.py::test_check_missing_lower_error PASSED     [ 44%]
tests/ait/core/test_limits.py::test_check_missing_upper_error PASSED     [ 45%]
tests/ait/core/test_limits.py::test_check_lower_warn PASSED              [ 45%]
tests/ait/core/test_limits.py::test_check_value_error PASSED             [ 45%]
tests/ait/core/test_limits.py::test_check_value_list_warn PASSED         [ 46%]
tests/ait/core/test_limits.py::test_check_value_list_warn2 PASSED        [ 46%]
tests/ait/core/test_log.py::test_syslog_parser_success PASSED            [ 47%]
tests/ait/core/test_log.py::test_syslog_parser_msg_with_hypen PASSED     [ 47%]
tests/ait/core/test_notify.py::test_trigger_notification PASSED          [ 47%]
tests/ait/core/test_pcap.py::testPCapGlobalHeader PASSED                 [ 48%]
tests/ait/core/test_pcap.py::testPCapPacketHeader PASSED                 [ 48%]
tests/ait/core/test_pcap.py::testReadBigEndian PASSED                    [ 49%]
tests/ait/core/test_pcap.py::testReadLittleEndian PASSED                 [ 49%]
tests/ait/core/test_pcap.py::testWrite PASSED                            [ 49%]
tests/ait/core/test_pcap.py::testWriteRead PASSED                        [ 50%]
tests/ait/core/test_pcap.py::testPCapPacketHeaderInit PASSED             [ 50%]
tests/ait/core/test_pcap.py::testSegmentBytes PASSED                     [ 50%]
tests/ait/core/test_pcap.py::testSegmentPackets PASSED                   [ 51%]
tests/ait/core/test_pcap.py::testSegmentSeconds PASSED                   [ 51%]
tests/ait/core/test_pcap.py::testTimes PASSED                            [ 52%]
tests/ait/core/test_pcap.py::testQuery PASSED                            [ 52%]
tests/ait/core/test_table.py::TestTableEncode::test_encode_file_no_hdr PASSED [ 52%]
tests/ait/core/test_table.py::TestTableEncode::test_encode_file_with_hdr PASSED [ 53%]
tests/ait/core/test_table.py::TestTableEncode::test_encode_text_no_hdr PASSED [ 53%]
tests/ait/core/test_table.py::TestTableEncode::test_encode_text_with_hdr PASSED [ 54%]
tests/ait/core/test_table.py::TestTableEncode::test_enum_encode PASSED   [ 54%]
tests/ait/core/test_table.py::TestTableDecode::test_decode_binary PASSED [ 54%]
tests/ait/core/test_table.py::TestTableDecode::test_enum_decode PASSED   [ 55%]
tests/ait/core/test_table.py::TestTableDecode::test_enum_decode_raw_values PASSED [ 55%]
tests/ait/core/test_table.py::TestBadEnumHandling::test_table_duplicate_enum_load PASSED [ 55%]
tests/ait/core/test_table.py::TestTableTimeHandling::test_end_to_end_time_handling PASSED [ 56%]
tests/ait/core/test_tlm.py::TestTlmDictWriter::test_writeToCSV PASSED    [ 56%]
tests/ait/core/test_tlm.py::TestFieldDefinition::test_field_definition PASSED [ 57%]
tests/ait/core/test_tlm.py::TestFieldDefinition::test_fld_defn_notitle PASSED [ 57%]
tests/ait/core/test_tlm.py::TestDerivationDefinition::test_derivation_definition PASSED [ 57%]
tests/ait/core/test_tlm.py::TestDerivationDefinition::test_deriv_defn_notitle PASSED [ 58%]
tests/ait/core/test_tlm.py::TestDerivationDefinition::test_deriv_defn_noeqn PASSED [ 58%]
tests/ait/core/test_tlm.py::TestTlmConfig::test_yaml_fld_includes PASSED [ 59%]
tests/ait/core/test_tlm.py::TestTlmConfig::test_yaml_fld_includesx2 PASSED [ 59%]
tests/ait/core/test_tlm.py::TestTlmConfig::test_yaml_fld_includes_nested PASSED [ 59%]
tests/ait/core/test_tlm.py::TestTlmConfig::test_yaml_fld_includes_nestedx2 PASSED [ 60%]
tests/ait/core/test_tlm.py::TestTlmConfig::test_yaml_pkt_includes PASSED [ 60%]
tests/ait/core/test_tlm.py::testArray PASSED                             [ 61%]
tests/ait/core/test_tlm.py::testAliases PASSED                           [ 61%]
tests/ait/core/test_tlm.py::testMask PASSED                              [ 61%]
tests/ait/core/test_tlm.py::testSingleItemList PASSED                    [ 62%]
tests/ait/core/test_util.py::Crc32FileTest::testCrc32WithTestFile PASSED [ 62%]
tests/ait/core/test_util.py::Crc32FileTest::testCrc32WithTestFileAndSkip PASSED [ 62%]
tests/ait/core/test_util.py::EndianSwapU16Test::testEndianSwap PASSED    [ 63%]
tests/ait/core/test_util.py::GetFileSizeTest::testGetFileSize PASSED     [ 63%]
tests/ait/core/test_util.py::ToBCDTest::testToBCDWithInt PASSED          [ 64%]
tests/ait/core/test_util.py::ToFloatTest::testToFloat PASSED             [ 64%]
tests/ait/core/test_util.py::ToFloatTest::testToFloatWithDefaultReturnNone PASSED [ 64%]
tests/ait/core/test_util.py::ToFloatTest::testToFloatWithDefaultSpecified PASSED [ 65%]
tests/ait/core/test_util.py::ToNumberTest::testToNumberWithDefaultReturnNone PASSED [ 65%]
tests/ait/core/test_util.py::ToNumberTest::testToNumberWithFloat PASSED  [ 66%]
tests/ait/core/test_util.py::ToNumberTest::testToNumberWithHex PASSED    [ 66%]
tests/ait/core/test_util.py::ToNumberTest::testToNumberWithInt PASSED    [ 66%]
tests/ait/core/test_util.py::ToNumberTest::testToNumberWithStringAndDefaultSpecified PASSED [ 67%]
tests/ait/core/test_util.py::ToReprTest::testToReprWithString PASSED     [ 67%]
tests/ait/core/test_util.py::test_expandPath PASSED                      [ 67%]
tests/ait/core/test_util.py::test_listAllFiles PASSED                    [ 68%]
tests/ait/core/test_util.py::test_YAMLValidationError_exception PASSED   [ 68%]
tests/ait/core/test_util.py::test_YAMLError_exception PASSED             [ 69%]
tests/ait/core/test_val.py::TestYAMLProcessor::test_yamlprocess_init PASSED [ 69%]
tests/ait/core/test_val.py::TestYAMLProcessor::test_ymlfile_setter PASSED [ 69%]
tests/ait/core/test_val.py::TestYAMLProcessor::test_yaml_load_with_clean PASSED [ 70%]
tests/ait/core/test_val.py::TestYAMLProcessor::test_yaml_load_without_clean PASSED [ 70%]
tests/ait/core/test_val.py::TestYAMLProcessor::test_invalid_yaml_load PASSED [ 71%]
tests/ait/core/test_val.py::TestYAMLProcessor::test_basic_process_doc_object_name_strip PASSED [ 71%]
tests/ait/core/test_val.py::TestYAMLProcessor::test_basic_process_seq_name_strip PASSED [ 71%]
tests/ait/core/test_val.py::TestYAMLProcessor::test_empty_file_process PASSED [ 72%]
tests/ait/core/test_val.py::TestYAMLProcessor::test_invalid_yaml_process PASSED [ 72%]
tests/ait/core/test_val.py::TestSchemaProcessor::test_schema_load PASSED [ 72%]
tests/ait/core/test_val.py::TestSchemaProcessor::test_schema_load_failure_bad_file PASSED [ 73%]
tests/ait/core/test_val.py::TestSchemaProcessor::test_schema_load_failure_no_json_object PASSED [ 73%]
tests/ait/core/test_val.py::TestErrorHandler::test_error_handler_init PASSED [ 74%]
tests/ait/core/test_val.py::TestErrorHandler::test_process_bad_root_object PASSED [ 74%]
tests/ait/core/test_val.py::TestErrorHandler::test_process_docline_docnum_mismatch PASSED [ 74%]
tests/ait/core/test_val.py::TestErrorHandler::test_procces_with_single_doc PASSED [ 75%]
tests/ait/core/test_val.py::testYAMLProcesserLoad PASSED                 [ 75%]
tests/ait/core/test_val.py::testYAMLProcessorProcess PASSED              [ 76%]
tests/ait/core/test_val.py::testValidatorCmd PASSED                      [ 76%]
tests/ait/core/test_val.py::testCmdValidator PASSED                      [ 76%]
tests/ait/core/test_val.py::testTlmValidator PASSED                      [ 77%]
tests/ait/core/test_val.py::testCmdDictValidation PASSED                 [ 77%]
tests/ait/core/test_val.py::testTlmDictValidation PASSED                 [ 77%]
tests/ait/core/test_val.py::testEvrValidation PASSED                     [ 78%]
tests/ait/core/test_val.py::testTableValidation PASSED                   [ 78%]
tests/ait/core/test_val.py::testLimitsValidation PASSED                  [ 79%]
tests/ait/core/server/test_apid_routing.py::TestPacketRouting::test_apid_extraction1 PASSED [ 79%]
tests/ait/core/server/test_apid_routing.py::TestPacketRouting::test_apid_extraction2 PASSED [ 79%]
tests/ait/core/server/test_apid_routing.py::TestPacketRouting::test_get_topics PASSED [ 80%]
tests/ait/core/server/test_apid_routing.py::TestPacketRouting::test_routing_table PASSED [ 80%]
tests/ait/core/server/test_handler.py::TestCCSDSPacketCheck::test_ccsds_packet_apid PASSED [ 81%]
tests/ait/core/server/test_handler.py::TestCCSDSPacketCheck::test_ccsds_packet_header PASSED [ 81%]
tests/ait/core/server/test_handler.py::TestCCSDSPacketCheck::test_ccsds_packet_length PASSED [ 81%]
tests/ait/core/server/test_handler.py::TestCCSDSPacketCheck::test_ccsds_packet_uid PASSED [ 82%]
tests/ait/core/server/test_handler.py::TestHandlerClassWithInputOutputTypes::test_handler_creation PASSED [ 82%]
tests/ait/core/server/test_handler.py::TestHandlerClassWithInputOutputTypes::test_execute_handler_returns_handle_return_on_input PASSED [ 83%]
tests/ait/core/server/test_handler.py::TestHandlerClassWithoutInputOutputTypes::test_handler_default_params PASSED [ 83%]
tests/ait/core/server/test_handler.py::TestHandlerClassWithoutInputOutputTypes::test_execute_handler_returns_handle_return_on_input PASSED [ 83%]
tests/ait/core/server/test_handler.py::TestHandlerClassWithoutInputOutputTypes::test_handler_repr PASSED [ 84%]
tests/ait/core/server/test_handler.py::TestCCSDSHandlerClassWithInputOutputTypes::test_handler_creation PASSED [ 84%]
tests/ait/core/server/test_handler.py::TestCCSDSHandlerClassWithInputOutputTypes::test_execute_handler_returns_handle_return_on_input PASSED [ 84%]
tests/ait/core/server/test_handler.py::TestCCSDSHandlerClassWithoutInputOutputTypes::test_ccsds_handler_default_params PASSED [ 85%]
tests/ait/core/server/test_handler.py::TestCCSDSHandlerClassWithoutInputOutputTypes::test_execute_handler_returns_handle_return_on_input PASSED [ 85%]
tests/ait/core/server/test_handler.py::TestCCSDSHandlerClassWithoutInputOutputTypes::test_handler_repr PASSED [ 86%]
tests/ait/core/server/test_serial.py::test_datetime PASSED               [ 86%]
tests/ait/core/server/test_serial.py::test_tuple PASSED                  [ 86%]
tests/ait/core/server/test_serial.py::test_json PASSED                   [ 87%]
tests/ait/core/server/test_serial.py::test_json_oneway PASSED            [ 87%]
tests/ait/core/server/test_serial.py::test_bytes PASSED                  [ 88%]
tests/ait/core/server/test_serial.py::test_bytes_oneway PASSED           [ 88%]
tests/ait/core/server/test_serial.py::test_unregistered_class_throws_ex PASSED [ 88%]
tests/ait/core/server/test_server.py::TestStreamConfigParsing::test_no_inbound_streams PASSED [ 89%]
tests/ait/core/server/test_server.py::TestStreamConfigParsing::test_no_outbound_streams PASSED [ 89%]
tests/ait/core/server/test_server.py::TestAPITelemStreamCreation::test_invalid_straem_names PASSED [ 89%]
tests/ait/core/server/test_server.py::TestAPITelemStreamCreation::test_no_api_stream_config PASSED [ 90%]
tests/ait/core/server/test_server.py::TestAPITelemStreamCreation::test_no_inbound_stream PASSED [ 90%]
tests/ait/core/server/test_server.py::TestAPITelemStreamCreation::test_no_valid_defaults PASSED [ 91%]
tests/ait/core/server/test_server.py::TestStreamCreation::test_no_stream_config PASSED [ 91%]
tests/ait/core/server/test_server.py::TestStreamCreation::test_no_stream_name PASSED [ 91%]
tests/ait/core/server/test_server.py::TestStreamCreation::test_duplicate_stream_name PASSED [ 92%]
tests/ait/core/server/test_server.py::TestStreamCreation::test_no_inbound_stream_input PASSED [ 92%]
tests/ait/core/server/test_server.py::TestStreamCreation::test_successful_inbound_stream_creation PASSED [ 93%]
tests/ait/core/server/test_server.py::TestStreamCreation::test_successful_outbound_stream_creation PASSED [ 93%]
tests/ait/core/server/test_server.py::TestHandlerCreation::test_no_handler_config PASSED [ 93%]
tests/ait/core/server/test_server.py::TestHandlerCreation::test_handler_creation_with_no_configs PASSED [ 94%]
tests/ait/core/server/test_server.py::TestHandlerCreation::test_handler_creation_with_configs PASSED [ 94%]
tests/ait/core/server/test_server.py::TestHandlerCreation::test_handler_that_doesnt_exist PASSED [ 94%]
tests/ait/core/server/test_server.py::TestPluginConfigParsing::test_no_plugins_listed PASSED [ 95%]
tests/ait/core/server/test_server.py::TestPluginCreation::test_plugin_with_no_config PASSED [ 95%]
tests/ait/core/server/test_server.py::TestPluginCreation::test_plugin_missing_name PASSED [ 96%]
tests/ait/core/server/test_server.py::TestPluginCreation::test_plugin_missing_inputs PASSED [ 96%]
tests/ait/core/server/test_server.py::TestPluginCreation::test_plugin_missing_outputs PASSED [ 96%]
tests/ait/core/server/test_server.py::TestPluginCreation::test_plugin_doesnt_exist PASSED [ 97%]
tests/ait/core/server/test_stream.py::TestStream::test_stream_creation PASSED [ 97%]
tests/ait/core/server/test_stream.py::TestStream::test_repr PASSED       [ 98%]
tests/ait/core/server/test_stream.py::TestStream::test_process PASSED    [ 98%]
tests/ait/core/server/test_stream.py::TestStream::test_valid_workflow_one_handler PASSED [ 98%]
tests/ait/core/server/test_stream.py::TestStream::test_valid_workflow_more_handlers PASSED [ 99%]
tests/ait/core/server/test_stream.py::TestStream::test_invalid_workflow_more_handlers PASSED [ 99%]
tests/ait/core/server/test_stream.py::TestStream::test_stream_creation_invalid_workflow PASSED [100%]

=============================== warnings summary ===============================
../../../../../Library/Caches/pypoetry/virtualenvs/ait-core-E7YqPunI-py3.11/lib/python3.11/site-packages/pkg_resources/__init__.py:2871
../../../../../Library/Caches/pypoetry/virtualenvs/ait-core-E7YqPunI-py3.11/lib/python3.11/site-packages/pkg_resources/__init__.py:2871
../../../../../Library/Caches/pypoetry/virtualenvs/ait-core-E7YqPunI-py3.11/lib/python3.11/site-packages/pkg_resources/__init__.py:2871
../../../../../Library/Caches/pypoetry/virtualenvs/ait-core-E7YqPunI-py3.11/lib/python3.11/site-packages/pkg_resources/__init__.py:2871
../../../../../Library/Caches/pypoetry/virtualenvs/ait-core-E7YqPunI-py3.11/lib/python3.11/site-packages/pkg_resources/__init__.py:2871
../../../../../Library/Caches/pypoetry/virtualenvs/ait-core-E7YqPunI-py3.11/lib/python3.11/site-packages/pkg_resources/__init__.py:2871
../../../../../Library/Caches/pypoetry/virtualenvs/ait-core-E7YqPunI-py3.11/lib/python3.11/site-packages/pkg_resources/__init__.py:2871
  /Users/jleach/Library/Caches/pypoetry/virtualenvs/ait-core-E7YqPunI-py3.11/lib/python3.11/site-packages/pkg_resources/__init__.py:2871: DeprecationWarning: Deprecated call to `pkg_resources.declare_namespace('sphinxcontrib')`.
  Implementing implicit namespace packages (as specified in PEP 420) is preferred to `pkg_resources.declare_namespace`. See https://setuptools.pypa.io/en/latest/references/keywords.html#keyword-namespace-packages
    declare_namespace(pkg)

../../../../../Library/Caches/pypoetry/virtualenvs/ait-core-E7YqPunI-py3.11/lib/python3.11/site-packages/pkg_resources/__init__.py:2871
../../../../../Library/Caches/pypoetry/virtualenvs/ait-core-E7YqPunI-py3.11/lib/python3.11/site-packages/pkg_resources/__init__.py:2871
  /Users/jleach/Library/Caches/pypoetry/virtualenvs/ait-core-E7YqPunI-py3.11/lib/python3.11/site-packages/pkg_resources/__init__.py:2871: DeprecationWarning: Deprecated call to `pkg_resources.declare_namespace('zope')`.
  Implementing implicit namespace packages (as specified in PEP 420) is preferred to `pkg_resources.declare_namespace`. See https://setuptools.pypa.io/en/latest/references/keywords.html#keyword-namespace-packages
    declare_namespace(pkg)

tests/ait/core/server/test_apid_routing.py:9
  /Users/jleach/Documents/Development/MGSS/AIT/AIT-Core/tests/ait/core/server/test_apid_routing.py:9: PytestCollectionWarning: cannot collect test class 'TestPacket' because it has a __init__ constructor (from: tests/ait/core/server/test_apid_routing.py)
    class TestPacket:

-- Docs: https://docs.pytest.org/en/stable/how-to/capture-warnings.html

---------- coverage: platform darwin, python 3.11.9-final-0 ----------
Name                                               Stmts   Miss  Cover
----------------------------------------------------------------------
ait/core/api.py                                      407    313    23%
ait/core/bsc.py                                      278     73    74%
ait/core/ccsds.py                                     23      1    96%
ait/core/cfg.py                                      207     29    86%
ait/core/cmd.py                                      304    118    61%
ait/core/coord.py                                     44      2    95%
ait/core/db.py                                       301     38    87%
ait/core/dmc.py                                      177     20    89%
ait/core/dtype.py                                    344     20    94%
ait/core/evr.py                                      106     15    86%
ait/core/gds.py                                       62     54    13%
ait/core/geom.py                                     274    274     0%
ait/core/json.py                                      34     25    26%
ait/core/limits.py                                    97     16    84%
ait/core/log.py                                      146     13    91%
ait/core/notify.py                                    53     39    26%
ait/core/pcap.py                                     235     11    95%
ait/core/seq.py                                      379    379     0%
ait/core/server/broker.py                             82     56    32%
ait/core/server/client.py                             67     21    69%
ait/core/server/config.py                              8      0   100%
ait/core/server/handler.py                            14      2    86%
ait/core/server/handlers/ccsds_packet_handler.py      48      3    94%
ait/core/server/handlers/packet_handler.py            17      6    65%
ait/core/server/plugin.py                             91     21    77%
ait/core/server/plugins/PacketAccumulator.py          39     39     0%
ait/core/server/plugins/PacketPadder.py               14     14     0%
ait/core/server/plugins/apid_routing.py               72     19    74%
ait/core/server/plugins/data_archive.py               33     23    30%
ait/core/server/plugins/limit_monitor.py              51     32    37%
ait/core/server/plugins/openmct.py                   577    485    16%
ait/core/server/process.py                            97     68    30%
ait/core/server/serial.py                            264     55    79%
ait/core/server/server.py                            216     53    75%
ait/core/server/stream.py                             43      4    91%
ait/core/server/utils.py                              17      8    53%
ait/core/table.py                                    242     76    69%
ait/core/tlm.py                                      565    147    74%
ait/core/util.py                                     209     44    79%
ait/core/val.py                                      373     41    89%
----------------------------------------------------------------------
TOTAL                                               6610   2657    60%

================= 257 passed, 2 skipped, 10 warnings in 4.90s ==================
